<?xml version="1.0" encoding="UTF-8"?>
<!-- Generated by org.testng.reporters.JUnitXMLReporter -->
<testsuite ignored="0" hostname="LAPTOP-I30VNB79" failures="0" tests="6" name="Default test" time="0.161" errors="0" timestamp="2024-02-17T14:53:07 IST">
  <testcase classname="testNGDemo.PriorityTest" name="m2" time="0.011"/>
  <testcase classname="testNGDemo.PriorityTest" name="m5" time="0.003"/>
  <testcase classname="testNGDemo.PriorityTest" name="m6" time="0.013"/>
  <testcase classname="testNGDemo.PriorityTest" name="m4" time="0.007"/>
  <testcase classname="testNGDemo.PriorityTest" name="m1" time="0.003"/>
  <testcase classname="testNGDemo.PriorityTest" name="m3" time="0.002"/>
</testsuite> <!-- Default test -->
