<?xml version="1.0" encoding="UTF-8"?>
<testng-results ignored="0" total="6" passed="6" failed="0" skipped="0">
  <reporter-output>
  </reporter-output>
  <suite started-at="2024-02-17T14:53:07 IST" name="Default suite" finished-at="2024-02-17T14:53:07 IST" duration-ms="161">
    <groups>
    </groups>
    <test started-at="2024-02-17T14:53:07 IST" name="Default test" finished-at="2024-02-17T14:53:07 IST" duration-ms="161">
      <class name="testNGDemo.PriorityTest">
        <test-method signature="m2()[pri:0, instance:testNGDemo.PriorityTest@273444fe]" started-at="2024-02-17T14:53:07 IST" name="m2" finished-at="2024-02-17T14:53:07 IST" duration-ms="11" status="PASS">
          <reporter-output>
          </reporter-output>
        </test-method> <!-- m2 -->
        <test-method signature="m5()[pri:0, instance:testNGDemo.PriorityTest@273444fe]" started-at="2024-02-17T14:53:07 IST" name="m5" finished-at="2024-02-17T14:53:07 IST" duration-ms="3" status="PASS">
          <reporter-output>
          </reporter-output>
        </test-method> <!-- m5 -->
        <test-method signature="m6()[pri:0, instance:testNGDemo.PriorityTest@273444fe]" started-at="2024-02-17T14:53:07 IST" name="m6" finished-at="2024-02-17T14:53:07 IST" duration-ms="13" status="PASS">
          <reporter-output>
          </reporter-output>
        </test-method> <!-- m6 -->
        <test-method signature="m4()[pri:1, instance:testNGDemo.PriorityTest@273444fe]" started-at="2024-02-17T14:53:07 IST" name="m4" finished-at="2024-02-17T14:53:07 IST" duration-ms="7" status="PASS">
          <reporter-output>
          </reporter-output>
        </test-method> <!-- m4 -->
        <test-method signature="m1()[pri:2, instance:testNGDemo.PriorityTest@273444fe]" started-at="2024-02-17T14:53:07 IST" name="m1" finished-at="2024-02-17T14:53:07 IST" duration-ms="3" status="PASS">
          <reporter-output>
          </reporter-output>
        </test-method> <!-- m1 -->
        <test-method signature="m3()[pri:2, instance:testNGDemo.PriorityTest@273444fe]" started-at="2024-02-17T14:53:07 IST" name="m3" finished-at="2024-02-17T14:53:07 IST" duration-ms="2" status="PASS">
          <reporter-output>
          </reporter-output>
        </test-method> <!-- m3 -->
      </class> <!-- testNGDemo.PriorityTest -->
    </test> <!-- Default test -->
  </suite> <!-- Default suite -->
</testng-results>
